This file contains any messages produced by compilers while
running configure, to aid debugging if configure makes a mistake.

It was created by apertium-tr-tt configure 0.1.0, which was
generated by GNU Autoconf 2.68.  Invocation command line was

  $ ./configure 

## --------- ##
## Platform. ##
## --------- ##

hostname = emen
uname -m = x86_64
uname -r = 3.2.0-rc7-amd64
uname -s = Linux
uname -v = #1 SMP Wed Dec 28 14:29:59 UTC 2011

/usr/bin/uname -p = unknown
/bin/uname -X     = unknown

/bin/arch              = unknown
/usr/bin/arch -k       = unknown
/usr/convex/getsysinfo = unknown
/usr/bin/hostinfo      = unknown
/bin/machine           = unknown
/usr/bin/oslevel       = unknown
/bin/universe          = unknown

PATH: /home/jonathan/.bin
PATH: /home/jonathan/bin
PATH: /usr/local/bin
PATH: /usr/bin
PATH: /bin
PATH: /usr/local/games
PATH: /usr/games


## ----------- ##
## Core tests. ##
## ----------- ##

configure:1754: checking for a BSD-compatible install
configure:1822: result: /usr/bin/install -c
configure:1833: checking whether build environment is sane
configure:1883: result: yes
configure:2024: checking for a thread-safe mkdir -p
configure:2063: result: /bin/mkdir -p
configure:2076: checking for gawk
configure:2106: result: no
configure:2076: checking for mawk
configure:2092: found /usr/bin/mawk
configure:2103: result: mawk
configure:2114: checking whether make sets $(MAKE)
configure:2136: result: yes
configure:2207: checking whether ln -s works
configure:2211: result: yes
configure:2222: checking for gawk
configure:2249: result: mawk
configure:2317: checking for pkg-config
configure:2335: found /usr/bin/pkg-config
configure:2347: result: /usr/bin/pkg-config
configure:2372: checking pkg-config is at least version 0.9.0
configure:2375: result: yes
configure:2387: checking for APERTIUM
configure:2394: $PKG_CONFIG --exists --print-errors "apertium-3.2 >= 3.2.0"
configure:2397: $? = 0
configure:2411: $PKG_CONFIG --exists --print-errors "apertium-3.2 >= 3.2.0"
configure:2414: $? = 0
configure:2976: result: yes
configure:2987: checking for hfst-lexc
configure:3005: found /usr/local/bin/hfst-lexc
configure:3018: result: /usr/local/bin/hfst-lexc
configure:3037: checking for hfst-twolc
configure:3055: found /usr/local/bin/hfst-twolc
configure:3068: result: /usr/local/bin/hfst-twolc
configure:3087: checking for cg-comp
configure:3105: found /usr/local/bin/cg-comp
configure:3118: result: /usr/local/bin/cg-comp
configure:3137: checking for cg-proc
configure:3155: found /usr/local/bin/cg-proc
configure:3168: result: /usr/local/bin/cg-proc
configure:3187: checking for apertium-lrx-comp
configure:3205: found /usr/local/bin/apertium-lrx-comp
configure:3218: result: /usr/local/bin/apertium-lrx-comp
configure:3237: checking for apertium-lrx-proc
configure:3255: found /usr/local/bin/apertium-lrx-proc
configure:3268: result: /usr/local/bin/apertium-lrx-proc
configure:3439: creating ./config.status

## ---------------------- ##
## Running config.status. ##
## ---------------------- ##

This file was extended by apertium-tr-tt config.status 0.1.0, which was
generated by GNU Autoconf 2.68.  Invocation command line was

  CONFIG_FILES    = 
  CONFIG_HEADERS  = 
  CONFIG_LINKS    = 
  CONFIG_COMMANDS = 
  $ ./config.status 

on emen

config.status:764: creating Makefile

## ---------------- ##
## Cache variables. ##
## ---------------- ##

ac_cv_env_APERTIUM_CFLAGS_set=
ac_cv_env_APERTIUM_CFLAGS_value=
ac_cv_env_APERTIUM_LIBS_set=
ac_cv_env_APERTIUM_LIBS_value=
ac_cv_env_PKG_CONFIG_LIBDIR_set=
ac_cv_env_PKG_CONFIG_LIBDIR_value=
ac_cv_env_PKG_CONFIG_PATH_set=
ac_cv_env_PKG_CONFIG_PATH_value=
ac_cv_env_PKG_CONFIG_set=
ac_cv_env_PKG_CONFIG_value=
ac_cv_env_build_alias_set=
ac_cv_env_build_alias_value=
ac_cv_env_host_alias_set=
ac_cv_env_host_alias_value=
ac_cv_env_target_alias_set=
ac_cv_env_target_alias_value=
ac_cv_path_CGCOMP=/usr/local/bin/cg-comp
ac_cv_path_CGPROC=/usr/local/bin/cg-proc
ac_cv_path_HFSTLEXC=/usr/local/bin/hfst-lexc
ac_cv_path_HFSTTWOLC=/usr/local/bin/hfst-twolc
ac_cv_path_LRXCOMP=/usr/local/bin/apertium-lrx-comp
ac_cv_path_LRXPROC=/usr/local/bin/apertium-lrx-proc
ac_cv_path_ac_pt_PKG_CONFIG=/usr/bin/pkg-config
ac_cv_path_install='/usr/bin/install -c'
ac_cv_path_mkdir=/bin/mkdir
ac_cv_prog_AWK=mawk
ac_cv_prog_make_make_set=yes
pkg_cv_APERTIUM_CFLAGS='-I/usr/local/include/apertium-3.2 -I/usr/local/lib/apertium-3.2/include -I/usr/local/include/lttoolbox-3.2 -I/usr/local/lib/lttoolbox-3.2/include -I/usr/include/libxml2  '
pkg_cv_APERTIUM_LIBS='-L/usr/local/lib -lapertium3 -llttoolbox3 -lxml2 -lpcre  '

## ----------------- ##
## Output variables. ##
## ----------------- ##

ACLOCAL='${SHELL} /home/jonathan/quick/apertium/cheboksary/xupaixkar/apertium-tr-tt/missing --run aclocal-1.11'
AMTAR='${SHELL} /home/jonathan/quick/apertium/cheboksary/xupaixkar/apertium-tr-tt/missing --run tar'
APERTIUM_CFLAGS='-I/usr/local/include/apertium-3.2 -I/usr/local/lib/apertium-3.2/include -I/usr/local/include/lttoolbox-3.2 -I/usr/local/lib/lttoolbox-3.2/include -I/usr/include/libxml2  '
APERTIUM_LIBS='-L/usr/local/lib -lapertium3 -llttoolbox3 -lxml2 -lpcre  '
APERTIUM_VER='32'
AUTOCONF='${SHELL} /home/jonathan/quick/apertium/cheboksary/xupaixkar/apertium-tr-tt/missing --run autoconf'
AUTOHEADER='${SHELL} /home/jonathan/quick/apertium/cheboksary/xupaixkar/apertium-tr-tt/missing --run autoheader'
AUTOMAKE='${SHELL} /home/jonathan/quick/apertium/cheboksary/xupaixkar/apertium-tr-tt/missing --run automake-1.11'
AWK='mawk'
CGCOMP='/usr/local/bin/cg-comp'
CGPROC='/usr/local/bin/cg-proc'
CYGPATH_W='echo'
DEFS='-DPACKAGE_NAME=\"apertium-tr-tt\" -DPACKAGE_TARNAME=\"apertium-tr-tt\" -DPACKAGE_VERSION=\"0.1.0\" -DPACKAGE_STRING=\"apertium-tr-tt\ 0.1.0\" -DPACKAGE_BUGREPORT=\"unknown@users.sourceforge.net\" -DPACKAGE_URL=\"\"'
ECHO_C=''
ECHO_N='-n'
ECHO_T=''
HFSTLEXC='/usr/local/bin/hfst-lexc'
HFSTTWOLC='/usr/local/bin/hfst-twolc'
INSTALL_DATA='${INSTALL} -m 644'
INSTALL_PROGRAM='${INSTALL}'
INSTALL_SCRIPT='${INSTALL}'
INSTALL_STRIP_PROGRAM='$(install_sh) -c -s'
LIBOBJS=''
LIBS=''
LN_S='ln -s'
LRXCOMP='/usr/local/bin/apertium-lrx-comp'
LRXPROC='/usr/local/bin/apertium-lrx-proc'
LTLIBOBJS=''
MAKEINFO='${SHELL} /home/jonathan/quick/apertium/cheboksary/xupaixkar/apertium-tr-tt/missing --run makeinfo'
MKDIR_P='/bin/mkdir -p'
PACKAGE='apertium-tr-tt'
PACKAGE_BUGREPORT='unknown@users.sourceforge.net'
PACKAGE_NAME='apertium-tr-tt'
PACKAGE_STRING='apertium-tr-tt 0.1.0'
PACKAGE_TARNAME='apertium-tr-tt'
PACKAGE_URL=''
PACKAGE_VERSION='0.1.0'
PATH_SEPARATOR=':'
PKG_CONFIG='/usr/bin/pkg-config'
PKG_CONFIG_LIBDIR=''
PKG_CONFIG_PATH=''
SET_MAKE=''
SHELL='/bin/bash'
STRIP=''
VERSION='0.1.0'
am__isrc=''
am__leading_dot='.'
am__tar='${AMTAR} chof - "$$tardir"'
am__untar='${AMTAR} xf -'
bindir='${exec_prefix}/bin'
build_alias=''
datadir='${datarootdir}'
datarootdir='${prefix}/share'
docdir='${datarootdir}/doc/${PACKAGE_TARNAME}'
dvidir='${docdir}'
exec_prefix='${prefix}'
host_alias=''
htmldir='${docdir}'
includedir='${prefix}/include'
infodir='${datarootdir}/info'
install_sh='${SHELL} /home/jonathan/quick/apertium/cheboksary/xupaixkar/apertium-tr-tt/install-sh'
libdir='${exec_prefix}/lib'
libexecdir='${exec_prefix}/libexec'
localedir='${datarootdir}/locale'
localstatedir='${prefix}/var'
mandir='${datarootdir}/man'
mkdir_p='/bin/mkdir -p'
oldincludedir='/usr/include'
pdfdir='${docdir}'
prefix='/usr/local'
program_transform_name='s,x,x,'
psdir='${docdir}'
sbindir='${exec_prefix}/sbin'
sharedstatedir='${prefix}/com'
sysconfdir='${prefix}/etc'
target_alias=''

## ----------- ##
## confdefs.h. ##
## ----------- ##

/* confdefs.h */
#define PACKAGE_NAME "apertium-tr-tt"
#define PACKAGE_TARNAME "apertium-tr-tt"
#define PACKAGE_VERSION "0.1.0"
#define PACKAGE_STRING "apertium-tr-tt 0.1.0"
#define PACKAGE_BUGREPORT "unknown@users.sourceforge.net"
#define PACKAGE_URL ""

configure: exit 0
